0 info it worked if it ends with ok
1 verbose cli [ 'node', '/usr/bin/npm', 'start' ]
2 info using npm@3.7.3
3 info using node@v0.10.37
4 verbose node symlink /usr/bin/node
5 verbose config Skipping project config: /home/vijay/.npmrc. (matches userconfig)
6 verbose stack Error: ENOENT, open '/home/vijay/package.json'
7 verbose cwd /home/vijay/Desktop/Node-Projects
8 error Linux 3.19.0-25-generic
9 error argv "node" "/usr/bin/npm" "start"
10 error node v0.10.37
11 error npm  v3.7.3
12 error path /home/vijay/package.json
13 error code ENOENT
14 error errno 34
15 error enoent ENOENT, open '/home/vijay/package.json'
16 error enoent ENOENT, open '/home/vijay/package.json'
16 error enoent This is most likely not a problem with npm itself
16 error enoent and is related to npm not being able to find a file.
17 verbose exit [ 34, true ]
